<?xml version="1.0" encoding="UTF-8"?>
<!-- Generated by org.testng.reporters.JUnitReportReporter -->
<testsuite hostname="win2019" failures="0" tests="3" name="parallel.ParallelBrowsers" time="20.540" errors="0" timestamp="2024-08-25T21:56:10 PDT" skipped="0">
  <testcase classname="parallel.ParallelBrowsers" name="LaunchChromeBrowser" time="8.436"/>
  <system-out/>
  <testcase classname="parallel.ParallelBrowsers" name="LaunchChromeBrowser" time="7.446"/>
  <system-out/>
  <testcase classname="parallel.ParallelBrowsers" name="LaunchChromeBrowser" time="4.658"/>
  <system-out/>
</testsuite> <!-- parallel.ParallelBrowsers -->
